Build started 04/12/2018 18:53:30.
     1>Project "D:\DorioRun\DorioRun\DorioRun\DorioRun.vcxproj" on node 2 (Build target(s)).
     1>ClCompile:
         D:\vs12\VC\bin\CL.exe /c /ZI /nologo /W3 /WX- /Od /Oy- /D _UNICODE /D UNICODE /Gm /EHsc /RTC1 /MDd /GS /fp:precise /Zc:wchar_t /Zc:forScope /Fo"Debug\\" /Fd"Debug\vc110.pdb" /Gd /TP /analyze- /errorReport:prompt frame.cpp
         frame.cpp
     1>d:\doriorun\doriorun\doriorun\frame.cpp(6): error C2275: 'frame' : illegal use of this type as an expression
     1>Done Building Project "D:\DorioRun\DorioRun\DorioRun\DorioRun.vcxproj" (Build target(s)) -- FAILED.

Build FAILED.

Time Elapsed 00:00:07.89
